<?xml version="1.0" encoding="UTF-8"?>
<!-- Generated by org.testng.reporters.JUnitXMLReporter -->
<testsuite hostname="DESKTOP-JUVN070" ignored="0" name="pom hybrid test cases" tests="5" failures="0" timestamp="2022-05-09T10:40:36 CDT" time="14.012" errors="0">
  <testcase name="loginPageTitleTest" time="0.011" classname="com.techfios.qa.test.LoginPageTest"/>
  <testcase name="techfiosLogoTest" time="0.036" classname="com.techfios.qa.test.LoginPageTest"/>
  <testcase name="loginTest" time="0.837" classname="com.techfios.qa.test.LoginPageTest"/>
  <testcase name="verifyHomePageTitle" time="0.006" classname="com.techfios.qa.test.HomePageTest"/>
  <testcase name="verifyDashbaordPage" time="0.042" classname="com.techfios.qa.test.HomePageTest"/>
</testsuite> <!-- pom hybrid test cases -->
